<?xml version="1.0" encoding="UTF-8" ?>
<testsuite tests="2" failures="2" name="tests.TestSet1" time="33.862" errors="0" skipped="0">
  <properties>
[...]
</properties>
  <testcase classname="tests.TestSet1" name="devidebyzero" time="12.491">
    <failure message="expected [Cannot devide by 0] but found [Cannot divide by 0]" type="java.lang.AssertionError">java.lang.AssertionError: expected [Cannot devide by 0] but found [Cannot divide by 0]
	at org.testng.Assert.fail(Assert.java:93)
	at org.testng.Assert.failNotEquals(Assert.java:512)
	at org.testng.Assert.assertEqualsImpl(Assert.java:134)
	at org.testng.Assert.assertEquals(Assert.java:115)
	at org.testng.Assert.assertEquals(Assert.java:189)
	at org.testng.Assert.assertEquals(Assert.java:199)
	at tests.TestSet1.devidebyzero(TestSet1.java:44)
</failure>
    <system-out>Configuring TestNG with: org.apache.maven.surefire.testng.conf.TestNG652Configurator@5680a178
clicked
clicked
clicked
clicked
</system-out>
    <system-err>Starting ChromeDriver 2.35.528161 (5b82f2d2aae0ca24b877009200ced9065a772e73) on port 44698
Only local connections are allowed.
Jan 13, 2018 7:57:55 PM org.openqa.selenium.remote.ProtocolHandshake createSession
INFO: Detected dialect: OSS
</system-err>
  </testcase>
  <testcase classname="tests.TestSet1" name="multiply" time="21.371">
    <failure message="Logged into system expected:&lt;false&gt; but was:&lt;true&gt;" type="java.lang.AssertionError">java.lang.AssertionError: Logged into system expected:&lt;false&gt; but was:&lt;true&gt;
	at org.junit.Assert.fail(Assert.java:88)
	at org.junit.Assert.failNotEquals(Assert.java:834)
	at org.junit.Assert.assertEquals(Assert.java:118)
	at tests.TestSet1.multiply(TestSet1.java:33)
</failure>
  </testcase>
</testsuite>